* [Engine] Log started at 2025/12/23 16:14:40
* [Engine] DragonRuby Game Toolkit
* [Engine]   Version: 6.28
* [Engine]   Tier: Indie
* [Engine]   GIT Hash: afc02e8d1bceab768dfa4fd51edcb22270b76dab
* [Engine]   Build Date: Jun 23 2025 21:14:05
* [Engine] Platform: Linux
- [Engine] Process Working Directory: /home/cmburn/src/euler/
- [Engine] Game Dir: (null)
- [Engine] Game ID: hello-SDL
- [Engine] Game Title: Update metadata/game_metadata.txt in your mygame directory to change this title.
- [Engine] Game Version: 1.0
- [Engine] Game Package ID: 
- [Engine] Game Developer ID: dragonruby
- [Engine] Game Developer Title: DragonRuby LLC
- [Engine] Production Build: no
- [Engine] Remote Hotload: no
- [Render] SDL video backend: x11
- [Render] SDL renderer backend: opengl
- [Render] Window size: 1280x720 (requested 1280x720)
- [Render] Fullscreen Desktop mode: no
- [Render] HD: no
- [Render] HighDPI: no
- [Render] Max texture size: 16384x16384 (system reported 16384x16384)
- [Render] Logical render size: 1280x720
- [Render] Native render size: 1280x720
? [Engine] RNG seed has been set to 1766528081.
- [Engine] Janitor is using 4 threads.
- [Engine] * INFO - dlopenfile native/linux-amd64/libeuler_dragonruby
- [Engine] * INFO - fname_with_extension native/linux-amd64/libeuler_dragonruby.so
- [Engine] * INFO - dlopenfile_internal native/linux-amd64/libeuler_dragonruby.so
- [Engine] * INFO - PHYSFS_getRealDir is /home/cmburn/src/euler/
- [Engine] * INFO - load_shared_object /home/cmburn/src/euler/native/linux-amd64/libeuler_dragonruby.so
- [Engine] * INFO - dlsymfile
- [Engine] * INFO - dlsymfile
- [euler] Registered Euler with DragonRuby.
* [Engine] Logging shutting down
